[12:26:51] [Render thread/INFO] [JMLogger] JourneyMap log initialized.
[12:26:51] [Render thread/INFO] [JourneymapClient] initialize ENTER
[12:26:51] [Render thread/INFO] [ClientAPI] [ClientAPI] built with JourneyMap API 1.9-SNAPSHOT
[12:26:51] [Render thread/INFO] [PluginHelper] Initializing plugins with Client API: journeymap.client.api.impl.ClientAPI
[12:26:51] [Render thread/INFO] [PluginHelper] Initialized IClientPlugin: net.blay09.mods.waystones.compat.JourneyMapIntegration
[12:26:51] [Render thread/DEBUG] [JourneymapClient] Loading and Generating Journeymap configs
[12:26:51] [Render thread/TRACE] [ThemeLoader] Initializing themes ...
[12:26:52] [Render thread/INFO] [?] Version: JourneyMap 1.20.1-5.9.15, built with forge 1.20.1-47.1.46
forge: 47.3.5
Environment: os.name, os.arch, java.version, user.country, user.language=null, game language=zh_cn, locale=zh_cn
Features: 
	RadarPlayers : singleplayer = true , multiplayer = true
	RadarAnimals : singleplayer = true , multiplayer = true
	RadarMobs : singleplayer = true , multiplayer = true
	RadarVillagers : singleplayer = true , multiplayer = true
	MapTopo : singleplayer = true , multiplayer = true
	MapSurface : singleplayer = true , multiplayer = true
	MapCaves : singleplayer = true , multiplayer = true
	MapBiome : singleplayer = true , multiplayer = true
MiniMapProperties{state=Valid, file=journeymap.minimap.config, configVersion=5.9.15, zoomLevel=0, compassFontScale=1.0, terrainAlpha=100, showEntityNames=true, positionX=0.9, positionY=0.25, effectVertical=false, showPlayerHeading=true, sizePercent=20, playerDisplayScale=1.0, showDayNight=true, showPets=true, preferredMapType=day, showCompass=true, mobDisplay=jm.common.entity_display.dots, systemTimeRealFormat=HH:mm:ss, shape=jm.minimap.shape_square, showSelf=true, selfDisplayScale=1.0, showGrid=true, reticleOrientation=jm.minimap.orientation.compass, gameTimeRealFormat=HH:mm:ss, effectTranslateX=-83, showWaypoints=true, minimapKeyMovementSpeed=0.001, showAnimals=true, infoSlotAlpha=0.7, effectTranslateY=0, showWaypointLabels=true, moveEffectIcons=true, position=jm.minimap.position_topright, fontScale=1.0, showPlayers=true, waypointIconScale=1.0, frameAlpha=100, effectReversed=false, backgroundAlpha=0.8, enabled=true, showVillagers=true, info2Label=jm.theme.labelsource.gametime, info3Label=jm.theme.labelsource.location, showMobs=true, waypointLabelScale=1.0, showReticle=true, orientation=jm.minimap.orientation.north, info4Label=jm.theme.labelsource.biome, locationFormat=xzyv, playerDisplay=jm.common.entity_display.dots, mobDisplayScale=1.0, showCaves=true, showMobHeading=true, locationFormatVerbose=true, info1Label=jm.theme.labelsource.blank}
MiniMapProperties{state=Valid, file=journeymap.minimap2.config, configVersion=5.9.15, zoomLevel=0, compassFontScale=1.0, terrainAlpha=100, showEntityNames=true, positionX=0.9, positionY=0.25, effectVertical=false, showPlayerHeading=true, sizePercent=30, playerDisplayScale=1.0, showDayNight=true, showPets=true, preferredMapType=day, showCompass=true, mobDisplay=jm.common.entity_display.dots, systemTimeRealFormat=HH:mm:ss, shape=jm.minimap.shape_rectangle, showSelf=true, selfDisplayScale=1.0, showGrid=true, reticleOrientation=jm.minimap.orientation.compass, gameTimeRealFormat=HH:mm:ss, effectTranslateX=0, showWaypoints=true, minimapKeyMovementSpeed=0.001, showAnimals=true, infoSlotAlpha=0.7, effectTranslateY=0, showWaypointLabels=true, moveEffectIcons=true, position=jm.minimap.position_topright, fontScale=1.0, showPlayers=true, waypointIconScale=1.0, frameAlpha=100, effectReversed=false, backgroundAlpha=0.8, enabled=true, showVillagers=true, info2Label=jm.theme.labelsource.gametime, info3Label=jm.theme.labelsource.location, showMobs=true, waypointLabelScale=1.0, showReticle=true, orientation=jm.minimap.orientation.north, info4Label=jm.theme.labelsource.biome, locationFormat=xzyv, playerDisplay=jm.common.entity_display.dots, mobDisplayScale=1.0, showCaves=true, showMobHeading=true, locationFormatVerbose=true, info1Label=jm.theme.labelsource.blank}
FullMapProperties{state=Valid, file=journeymap.fullmap.config, configVersion=5.9.15, zoomLevel=0, showPlayers=true, waypointIconScale=1.0, showEntityNames=true, showPlayerHeading=true, showVillagers=true, showPlayerLoc=true, showKeys=true, playerDisplayScale=1.0, showMobs=true, showPets=true, waypointLabelScale=1.0, preferredMapType=topo, mobDisplay=jm.common.entity_display.dots, showSelf=true, locationFormat=xzyv, playerDisplay=jm.common.entity_display.dots, mobDisplayScale=1.0, selfDisplayScale=1.0, showGrid=true, showMouseLoc=true, showWaypoints=true, showCaves=true, showAnimals=true, dragScale=1, showMobHeading=true, showWaypointLabels=true, locationFormatVerbose=true, fontScale=1.0}
WaypointProperties{state=Valid, file=journeymap.waypoint.config, configVersion=5.9.15, autoRemoveDeathpointDistance=2, dateFormat=MM-dd-yyyy, autoRemoveDeathpoints=false, fullscreenDoubleClickToCreate=true, managerDimensionFocus=false, minDistance=4, boldLabel=false, textureSmall=true, showDeathpointlabel=true, beaconEnabled=true, createDeathpoints=true, showName=true, disableStrikeThrough=false, maxDistance=0, autoHideLabel=true, autoRemoveTempWaypoints=2, teleportCommand=/tp {name} {x} {y} {z}, showStaticBeam=true, shaderBeacon=false, timeFormat=HH:mm:ss, showDeviationLabel=false, showDistance=true, showRotatingBeam=true, fontScale=2.0, showTexture=true, managerEnabled=true}
WebMapProperties{state=Valid, file=journeymap.webmap.config, configVersion=5.9.15, port=8080, enabled=false}
CoreProperties{state=Valid, file=journeymap.core.config, configVersion=5.9.15, verboseColorPalette=false, maxPlayersData=32, mapSurfaceAboveCaves=true, dataCachingEnabled=true, optionsManagerViewed=5.9.15, announceMod=true, colorPassive=#bbbbbb, mapBlendWater=false, renderDistanceSurfaceMax=0, seedId=false, radarVerticalDistance=16, mapBlendGrass=true, recordCacheStats=false, hideSneakingEntities=true, revealShape=jm.minimap.shape_circle, mapBiome=true, alwaysMapSurface=false, colorVillager=#88e188, mapPlants=false, colorPet=#0077ff, radarLateralDistance=64, mapBathymetry=false, mapCrops=true, maxMobsData=32, mapPlantShadows=false, alwaysMapCaves=false, checkUpdates=true, mapBlendFoliage=true, hideSpectators=false, mappingEnabled=true, colorPlayer=#ffffff, tileHighDisplayQuality=true, cacheVillagersData=2200, logLevel=INFO, maxVillagersData=32, mapWaterBiomeColors=false, maxAnimalsData=32, mapTransparency=true, caveBlackAsClear=false, tileRenderType=1, caveIgnoreGlass=true, mapTopography=true, renderDistanceCaveMax=0, mapAntialiasing=true, colorSelf=#0000ff, cachePlayersData=2000, cacheMobsData=3000, cachePlayerData=1000, splashViewed=5.9.15, colorHostile=#ff0000, cacheAnimalsData=3100, themeName=OceanMonument, mapCaveLighting=true, renderDelay=2, glErrorChecking=false, autoMapPoll=2000}
[12:26:52] [Render thread/DEBUG] [ForgeEventHandlerManager] Handler registered: journeymap.client.event.forge.ForgeKeyEvents
[12:26:52] [Render thread/DEBUG] [ForgeEventHandlerManager] Handler registered: journeymap.client.event.forge.ForgeChatEvents
[12:26:52] [Render thread/DEBUG] [ForgeEventHandlerManager] Handler registered: journeymap.client.event.forge.ForgeHudOverlayEvents
[12:26:52] [Render thread/DEBUG] [ForgeEventHandlerManager] Handler registered: journeymap.client.event.forge.ForgeWorldEvent
[12:26:52] [Render thread/DEBUG] [ForgeEventHandlerManager] Handler registered: journeymap.client.event.forge.ForgeChunkEvents
[12:26:52] [Render thread/DEBUG] [ForgeEventHandlerManager] Handler registered: journeymap.client.event.forge.ForgeClientTickEvent
[12:26:52] [Render thread/DEBUG] [ForgeEventHandlerManager] Handler registered: journeymap.client.event.forge.ForgeRenderLevelLastEvent
[12:26:52] [Render thread/DEBUG] [ForgeEventHandlerManager] Handler registered: journeymap.client.event.forge.ForgeLoggedInEvent
[12:26:52] [Render thread/DEBUG] [ForgeEventHandlerManager] Handler registered: journeymap.client.event.forge.ForgeTextureStitchedEvent
[12:26:52] [Render thread/DEBUG] [ForgeEventHandlerManager] Handler registered: journeymap.client.event.forge.ForgePopupCustomEvents
[12:26:52] [Render thread/INFO] [JourneymapClient] initialize EXIT, elapsed count 1 avg 414.23ms
[12:26:52] [Render thread/INFO] [JourneymapClient] Journeymap PostInit
[12:26:52] [Render thread/DEBUG] [JourneymapClient] postInitialize ENTER
[12:26:52] [Render thread/TRACE] [ThemeLoader] Initializing themes ...
[12:26:52] [Render thread/INFO] [ThemeLoader] Preloaded theme textures: 73
[12:26:52] [Render thread/INFO] [JourneymapClient] postInitialize EXIT, elapsed count 1 avg 155.14ms
[12:26:54] [JM-VersionCheck-1/INFO] [VersionCheck] Newer version online: JourneyMap 5.10.0 for Minecraft 1.20.1 on https://www.curseforge.com/minecraft/mc-mods/journeymap/files/5458344
[12:27:33] [Netty Client IO #1/INFO] [ForgeConfig] Loading JourneyMap Forge Configs
[12:27:35] [Render thread/INFO] [JourneymapClient] World UID is set to: eae757a5-9541-4cf1-b478-1f2cdbea5b69
[12:27:37] [Render thread/INFO] [WaypointStore] Loaded 0 waypoints from D:\MC-PCL2\.minecraft\versions\YSM内测服1.0.2\journeymap\data\mp\Minecraft~_eae757a5~9541~4cf1~b478~1f2cdbea5b69\waypoints
[12:27:37] [Render thread/INFO] [JourneymapClient] Mapping started in D:\MC-PCL2\.minecraft\versions\YSM内测服1.0.2\journeymap\data\mp\Minecraft~_eae757a5~9541~4cf1~b478~1f2cdbea5b69\overworld. Memory: 2000MB total, 952MB free 
[12:27:39] [Render thread/INFO] [ChatLog] JourneyMap (旅行地图) : 按下 [J]
[12:27:43] [Render thread/WARN] [JMLogger] Can't get entityTexture for touhou_little_maid:textures/entity_icon/empty.png
[12:27:53] [Render thread/WARN] [JMLogger] Can't get entityTexture for touhou_little_maid:textures/entity_icon/kasodani_kyouko.png
[12:29:17] [Render thread/WARN] [JMLogger] Can't get entityTexture for touhou_little_maid:textures/entity_icon/hakurei_reimu_type_b.png
[12:33:02] [Render thread/WARN] [JMLogger] Can't get entityTexture for touhou_little_maid:textures/entity_icon/maid_fairy/maid_fairy_14.png
[12:34:53] [Render thread/WARN] [JMLogger] Can't get entityTexture for touhou_little_maid:textures/entity_icon/maid_fairy/maid_fairy_13.png
[12:39:23] [Render thread/WARN] [JMLogger] Can't get entityTexture for touhou_little_maid:textures/entity_icon/maid_fairy/maid_fairy_9.png
[12:40:07] [Render thread/WARN] [JMLogger] Can't get entityTexture for touhou_little_maid:textures/entity_icon/maid_fairy/maid_fairy_10.png
[12:44:52] [Render thread/WARN] [JMLogger] Can't get entityTexture for touhou_little_maid:textures/entity_icon/maid_fairy/maid_fairy_2.png
[12:48:23] [Render thread/WARN] [JMLogger] Can't get entityTexture for touhou_little_maid:textures/entity_icon/kazami_yuka.png
[12:48:48] [Render thread/WARN] [JMLogger] Can't get entityTexture for touhou_little_maid:textures/entity_icon/hakurei_reimu.png
[12:53:31] [Render thread/INFO] [StatTimer] TileDrawStep.updateRegionTexture hit max count, 1000000
[12:53:32] [Render thread/INFO] [StatTimer] TileDrawStep.draw(low) hit max count, 1000000
[12:54:07] [Render thread/INFO] [JourneymapClient] Mapping halted in D:\MC-PCL2\.minecraft\versions\YSM内测服1.0.2\journeymap\data\mp\Minecraft~_eae757a5~9541~4cf1~b478~1f2cdbea5b69\minecraft:overworld
[12:54:08] [Render thread/INFO] [MappingMonitorTask] World ID has been reset.
[12:54:08] [Render thread/INFO] [JourneymapClient] World UID is set to: null
